<?xml version="1.0" encoding="UTF-8"?>
<!-- Generated by org.testng.reporters.JUnitXMLReporter -->
<testsuite ignored="4" hostname="Bhuiyan" failures="0" tests="4" name="Default test" time="10.631" errors="0" timestamp="2023-07-04T23:11:00 EDT">
  <testcase classname="com.portal.Functionsaucedemo" name="login" time="0.555"/>
  <testcase classname="com.portal.Functionsaucedemo" name="login" time="0.26"/>
  <testcase classname="com.portal.Functionsaucedemo" name="login" time="0.331"/>
  <testcase classname="com.portal.Functionsaucedemo" name="login" time="5.348"/>
  <testcase classname="com.portal.Functionsaucedemo" name="logout" time="0.0">
    <ignored/>
  </testcase> <!-- logout -->
  <testcase classname="com.portal.Functionsaucedemo" name="addtocart" time="0.0">
    <ignored/>
  </testcase> <!-- addtocart -->
  <testcase classname="com.portal.Functionsaucedemo" name="aboutuscheck" time="0.0">
    <ignored/>
  </testcase> <!-- aboutuscheck -->
  <testcase classname="com.portal.Functionsaucedemo" name="checkout" time="0.0">
    <ignored/>
  </testcase> <!-- checkout -->
</testsuite> <!-- Default test -->
