<?xml version="1.0" encoding="UTF-8"?>
<!-- Generated by org.testng.reporters.JUnitXMLReporter -->
<testsuite ignored="3" hostname="Bhuiyan" failures="0" tests="0" time="0.013" errors="0" timestamp="2023-07-04T10:57:27 EDT">
  <testcase classname="com.testng.FunctionalSaucedemo" name="aboutuscheck" time="0.0">
    <ignored/>
  </testcase> <!-- aboutuscheck -->
  <testcase classname="com.testng.FunctionalSaucedemo" name="addtocart" time="0.0">
    <ignored/>
  </testcase> <!-- addtocart -->
  <testcase classname="com.testng.FunctionalSaucedemo" name="checkout" time="0.0">
    <ignored/>
  </testcase> <!-- checkout -->
</testsuite>
