<?xml version="1.0" encoding="UTF-8"?>
<testng-results ignored="4" total="8" passed="4" failed="0" skipped="0">
  <reporter-output>
  </reporter-output>
  <suite started-at="2023-07-04T23:10:49 EDT" name="Default suite" finished-at="2023-07-04T23:11:00 EDT" duration-ms="10631">
    <groups>
    </groups>
    <test started-at="2023-07-04T23:10:49 EDT" name="Default test" finished-at="2023-07-04T23:11:00 EDT" duration-ms="10631">
      <class name="com.portal.Functionsaucedemo">
        <test-method is-config="true" signature="initialization()[pri:0, instance:com.portal.Functionsaucedemo@65fb9ffc]" started-at="2023-07-04T23:10:49 EDT" name="initialization" finished-at="2023-07-04T23:10:51 EDT" duration-ms="2240" status="PASS">
          <reporter-output>
          </reporter-output>
        </test-method> <!-- initialization -->
        <test-method signature="login(java.lang.String,java.lang.String)[pri:0, instance:com.portal.Functionsaucedemo@65fb9ffc]" started-at="2023-07-04T23:10:51 EDT" name="login" data-provider="logindata" finished-at="2023-07-04T23:10:52 EDT" duration-ms="555" status="PASS">
          <params>
            <param index="0">
              <value>
                <![CDATA[standard_user]]>
              </value>
            </param>
            <param index="1">
              <value>
                <![CDATA[secret_sauce]]>
              </value>
            </param>
          </params>
          <reporter-output>
          </reporter-output>
        </test-method> <!-- login -->
        <test-method signature="login(java.lang.String,java.lang.String)[pri:0, instance:com.portal.Functionsaucedemo@65fb9ffc]" started-at="2023-07-04T23:10:52 EDT" name="login" data-provider="logindata" finished-at="2023-07-04T23:10:52 EDT" duration-ms="260" status="PASS">
          <params>
            <param index="0">
              <value>
                <![CDATA[locked_out_user]]>
              </value>
            </param>
            <param index="1">
              <value>
                <![CDATA[secret_sauce]]>
              </value>
            </param>
          </params>
          <reporter-output>
          </reporter-output>
        </test-method> <!-- login -->
        <test-method signature="login(java.lang.String,java.lang.String)[pri:0, instance:com.portal.Functionsaucedemo@65fb9ffc]" started-at="2023-07-04T23:10:52 EDT" name="login" data-provider="logindata" finished-at="2023-07-04T23:10:52 EDT" duration-ms="331" status="PASS">
          <params>
            <param index="0">
              <value>
                <![CDATA[problem_user]]>
              </value>
            </param>
            <param index="1">
              <value>
                <![CDATA[secret_sauce]]>
              </value>
            </param>
          </params>
          <reporter-output>
          </reporter-output>
        </test-method> <!-- login -->
        <test-method signature="login(java.lang.String,java.lang.String)[pri:0, instance:com.portal.Functionsaucedemo@65fb9ffc]" started-at="2023-07-04T23:10:52 EDT" name="login" data-provider="logindata" finished-at="2023-07-04T23:10:58 EDT" duration-ms="5348" status="PASS">
          <params>
            <param index="0">
              <value>
                <![CDATA[performance_glitch_user]]>
              </value>
            </param>
            <param index="1">
              <value>
                <![CDATA[secret_sauce]]>
              </value>
            </param>
          </params>
          <reporter-output>
          </reporter-output>
        </test-method> <!-- login -->
        <test-method is-config="true" signature="logout()[pri:0, instance:com.portal.Functionsaucedemo@65fb9ffc]" started-at="2023-07-04T23:10:58 EDT" name="logout" finished-at="2023-07-04T23:11:00 EDT" duration-ms="1831" status="PASS">
          <reporter-output>
          </reporter-output>
        </test-method> <!-- logout -->
      </class> <!-- com.portal.Functionsaucedemo -->
    </test> <!-- Default test -->
  </suite> <!-- Default suite -->
</testng-results>
